{"message":"Card with id 8s was not found","level":"error"}
{"message":"Title is required","level":"error"}
{"message":"Title is required","level":"error"}
{"message":"Title is required","level":"error"}
{"message":"Title is required","level":"error"}
{"message":"Title is required","level":"error"}
{"message":"Title is required","level":"error"}
{"message":"Title is required","level":"error"}
{"message":"Title is required","level":"error"}
{"message":"Title is required","level":"error"}
{"message":"Title is required","level":"error"}
{"message":"New bookmark with id 79d77d02-f36b-458f-91c7-dc5468c879bf created","level":"info"}
{"message":"New bookmark with id ce97eb4f-c85d-443f-a4b8-155b65ebb032 created","level":"info"}
{"message":"New bookmark with id 65b13bce-97b2-4ad0-af73-41b6ef5661d2 created","level":"info"}
{"message":"New bookmark with id 0e105a02-b3d4-484c-96be-2b01b940c14d created","level":"info"}
{"message":"New bookmark with id 7d7e77ea-695e-4b17-b6be-279e78595a2a created","level":"info"}
{"message":"Unauthorized request to path: /bookmarks","level":"error"}
{"message":"Unauthorized request to path: /bookmarks","level":"error"}
{"message":"Unauthorized request to path: /bookmarks","level":"error"}
{"message":"Unauthorized request to path: /bookmarks","level":"error"}
{"message":"Unauthorized request to path: /bookmarks","level":"error"}
{"message":"Unauthorized request to path: /bookmarks","level":"error"}
{"message":"Unauthorized request to path: /bookmarks","level":"error"}
{"message":"Unauthorized request to path: /bookmarks","level":"error"}
{"message":"Unauthorized request to path: /bookmarks","level":"error"}
{"message":"Unauthorized request to path: /bookmarks","level":"error"}
{"message":"Unauthorized request to path: /bookmarks","level":"error"}
{"message":"Unauthorized request to path: /bookmarks","level":"error"}
{"message":"Unauthorized request to path: /bookmarks","level":"error"}
{"message":"Unauthorized request to path: /bookmarks","level":"error"}
{"message":"Unauthorized request to path: /bookmarks","level":"error"}
{"message":"Unauthorized request to path: /bookmarks","level":"error"}
{"message":"New bookmark with id 8f087dd8-726f-499c-997e-3c02a0244959 created","level":"info"}
{"message":"The id 8cabbages could not be found","level":"error"}
{"message":"New bookmark with id 9b01a7f5-c663-41c8-b35c-765ad4b5c70e created","level":"info"}
{"message":"New bookmark with id 551a6fd8-9020-4ec0-a307-c34d463f94f7 created","level":"info"}
{"message":"Bookmark with id 8sdfbvbs65sd deleted.","level":"info"}
{"message":"New bookmark with id 5733cd2a-72cf-456d-b67a-46c972f4f39f created","level":"info"}
{"message":"Bookmark with id 5733cd2a-72cf-456d-b67a-46c972f4f39f deleted.","level":"info"}
{"message":"Card with id 5733cd2a-72cf-456d-b67a-46c972f4f39f was not found","level":"error"}
